<?xml version="1.0" encoding="UTF-8"?>
<!-- Generated by org.testng.reporters.JUnitReportReporter -->
<testsuite skipped="0" hostname="Lenovo" name="com.pilotproject.testcases.NewCustomerPageTest" tests="2" failures="0" timestamp="09 Jun 2019 01:29:02 GMT" time="31.256" errors="0">
  <testcase name="validatecreateNewCustomer" time="12.433" classname="com.pilotproject.testcases.NewCustomerPageTest"/>
  <testcase name="validatecreateNewCustomer" time="18.823" classname="com.pilotproject.testcases.NewCustomerPageTest"/>
</testsuite> <!-- com.pilotproject.testcases.NewCustomerPageTest -->
