<?xml version="1.0" encoding="UTF-8"?>
<!-- Generated by org.testng.reporters.JUnitReportReporter -->
<testsuite skipped="0" hostname="Lenovo" name="com.pilotproject.testcases.LoginPageTest" tests="2" failures="0" timestamp="09 Jun 2019 01:29:02 GMT" time="15.724" errors="0">
  <testcase name="loginTest" time="8.276" classname="com.pilotproject.testcases.LoginPageTest"/>
  <testcase name="loginPageTitleTest" time="7.448" classname="com.pilotproject.testcases.LoginPageTest"/>
</testsuite> <!-- com.pilotproject.testcases.LoginPageTest -->
