<?xml version="1.0" encoding="UTF-8"?>
<!-- Generated by org.testng.reporters.JUnitReportReporter -->
<testsuite skipped="0" hostname="Lenovo" name="com.pilotproject.testcases.HomePageTest" tests="2" failures="0" timestamp="09 Jun 2019 01:29:02 GMT" time="24.855" errors="0">
  <testcase name="verifyHomePageTitleTest" time="14.102" classname="com.pilotproject.testcases.HomePageTest"/>
  <testcase name="verifyContactsLinkTest" time="10.753" classname="com.pilotproject.testcases.HomePageTest"/>
</testsuite> <!-- com.pilotproject.testcases.HomePageTest -->
